<?xml version="1.0" encoding="UTF-8"?>
<!-- Generated by org.testng.reporters.JUnitReportReporter -->
<testsuite hostname="Dell-Laptop-3rd-Floor-room2" failures="0" tests="1" name="practice.DemoTest" time="0.013" errors="0" timestamp="2023-07-09T13:23:47 IST" skipped="0">
  <testcase classname="practice.DemoTest" name="demoA" time="0.013">
    <system-out>
      <![CDATA[Hello
Hello
Hello world]]>
    </system-out>
  </testcase> <!-- demoA -->
  <system-out>
    <![CDATA[Hello
Hello
Hello world
createProject
deleteProject
modifyProject
createCustomer
deleteCustomer
modifyCustomer
createTask
deleteTask
modifyTask
Rocky
reena
garuda
vaanaram
virat
adheera
ramikaSen]]>
  </system-out>
</testsuite> <!-- practice.DemoTest -->
