<?xml version="1.0" encoding="UTF-8"?>
<!-- Generated by org.testng.reporters.JUnitReportReporter -->
<testsuite hostname="Dell-Laptop-3rd-Floor-room2" failures="0" tests="4" name="com.actitime.testscript.Activity" time="0.035" errors="0" timestamp="2023-07-15T12:57:33 IST" skipped="0">
  <testcase classname="com.actitime.testscript.Activity" name="modifyCustomer" time="0.007">
    <system-out>
      <![CDATA[modifyCustomer]]>
    </system-out>
  </testcase> <!-- modifyCustomer -->
  <testcase classname="com.actitime.testscript.Activity" name="deleteCustomer" time="0.008">
    <system-out>
      <![CDATA[deleteCustomer]]>
    </system-out>
  </testcase> <!-- deleteCustomer -->
  <testcase classname="com.actitime.testscript.Activity" name="createCustomer" time="0.016">
    <system-out>
      <![CDATA[createCustomer]]>
    </system-out>
  </testcase> <!-- createCustomer -->
  <testcase classname="com.actitime.testscript.Activity" name="createCustomer" time="0.004">
    <system-out>
      <![CDATA[createCustomer]]>
    </system-out>
  </testcase> <!-- createCustomer -->
  <system-out>
    <![CDATA[openBrowser
login
deleteCustomer
logout
login
modifyCustomer
logout
login
createCustomer
logout
login
createCustomer
logout
closeBrowser]]>
  </system-out>
</testsuite> <!-- com.actitime.testscript.Activity -->
