<?xml version="1.0" encoding="UTF-8"?>
<!-- Generated by org.testng.reporters.JUnitReportReporter -->
<testsuite hostname="Dell-Laptop-3rd-Floor-room2" failures="0" tests="2" name="com.actitime.testscript.DemoTest" time="0.014" errors="0" timestamp="2023-07-09T11:57:00 IST" skipped="0">
  <testcase classname="com.actitime.testscript.DemoTest" name="demoB" time="0.003"/>
  <testcase classname="com.actitime.testscript.DemoTest" name="demoA" time="0.011">
    <system-out>
      <![CDATA[Hello
Hello world]]>
    </system-out>
  </testcase> <!-- demoA -->
  <system-out>
    <![CDATA[Hello
Hello world]]>
  </system-out>
</testsuite> <!-- com.actitime.testscript.DemoTest -->
