<?xml version="1.0" encoding="UTF-8"?>
<!-- Generated by org.testng.reporters.JUnitReportReporter -->
<testsuite hostname="Dell-Laptop-3rd-Floor-room2" failures="0" tests="1" name="practice.ExecutionCls" time="26.079" errors="0" timestamp="2023-07-30T09:38:24 IST" skipped="0">
  <testcase classname="practice.ExecutionCls" name="validLogin" time="26.079"/>
</testsuite> <!-- practice.ExecutionCls -->
