<?xml version="1.0" encoding="UTF-8"?>
<!-- Generated by org.testng.reporters.JUnitReportReporter -->
<testsuite hostname="Dell-Laptop-3rd-Floor-room2" failures="0" tests="7" name="practice.KGF" time="0.024" errors="0" timestamp="2023-07-09T13:23:47 IST" skipped="0">
  <testcase classname="practice.KGF" name="rocky" time="0.003">
    <system-out>
      <![CDATA[Rocky]]>
    </system-out>
  </testcase> <!-- rocky -->
  <testcase classname="practice.KGF" name="reena" time="0.005">
    <system-out>
      <![CDATA[reena]]>
    </system-out>
  </testcase> <!-- reena -->
  <testcase classname="practice.KGF" name="garuda" time="0.002">
    <system-out>
      <![CDATA[garuda]]>
    </system-out>
  </testcase> <!-- garuda -->
  <testcase classname="practice.KGF" name="vaanaram" time="0.002">
    <system-out>
      <![CDATA[vaanaram]]>
    </system-out>
  </testcase> <!-- vaanaram -->
  <testcase classname="practice.KGF" name="virat" time="0.003">
    <system-out>
      <![CDATA[virat]]>
    </system-out>
  </testcase> <!-- virat -->
  <testcase classname="practice.KGF" name="adheera" time="0.006">
    <system-out>
      <![CDATA[adheera]]>
    </system-out>
  </testcase> <!-- adheera -->
  <testcase classname="practice.KGF" name="ramikaSen" time="0.003">
    <system-out>
      <![CDATA[ramikaSen]]>
    </system-out>
  </testcase> <!-- ramikaSen -->
  <system-out>
    <![CDATA[Hello
Hello
Hello world
createProject
deleteProject
modifyProject
createCustomer
deleteCustomer
modifyCustomer
createTask
deleteTask
modifyTask
Rocky
reena
garuda
vaanaram
virat
adheera
ramikaSen]]>
  </system-out>
</testsuite> <!-- practice.KGF -->
